<html>
<head>
<title>TestNG:  Default test</title>
<link href="../testng.css" rel="stylesheet" type="text/css" />
<link href="../my-testng.css" rel="stylesheet" type="text/css" />

<style type="text/css">
.log { display: none;} 
.stack-trace { display: none;} 
</style>
<script type="text/javascript">
<!--
function flip(e) {
  current = e.style.display;
  if (current == 'block') {
    e.style.display = 'none';
    return 0;
  }
  else {
    e.style.display = 'block';
    return 1;
  }
}

function toggleBox(szDivId, elem, msg1, msg2)
{
  var res = -1;  if (document.getElementById) {
    res = flip(document.getElementById(szDivId));
  }
  else if (document.all) {
    // this is the way old msie versions work
    res = flip(document.all[szDivId]);
  }
  if(elem) {
    if(res == 0) elem.innerHTML = msg1; else elem.innerHTML = msg2;
  }

}

function toggleAllBoxes() {
  if (document.getElementsByTagName) {
    d = document.getElementsByTagName('div');
    for (i = 0; i < d.length; i++) {
      if (d[i].className == 'log') {
        flip(d[i]);
      }
    }
  }
}

// -->
</script>

</head>
<body>
<h2 align='center'>Default test</h2><table border='1' align="center">
<tr>
<td>Tests passed/Failed/Skipped:</td><td>0/1/0</td>
</tr><tr>
<td>Started on:</td><td>Wed Nov 25 20:07:27 IST 2020</td>
</tr>
<tr><td>Total time:</td><td>38 seconds (38190 ms)</td>
</tr><tr>
<td>Included groups:</td><td></td>
</tr><tr>
<td>Excluded groups:</td><td></td>
</tr>
</table><p/>
<small><i>(Hover the method name to see the test class name)</i></small><p/>
<table width='100%' border='1' class='invocation-failed'>
<tr><td colspan='4' align='center'><b>FAILED TESTS</b></td></tr>
<tr><td><b>Test method</b></td>
<td width="30%"><b>Exception</b></td>
<td width="10%"><b>Time (seconds)</b></td>
<td><b>Instance</b></td>
</tr>
<tr>
<td title='com.db.Regression.NewAPITest.NewAPITest()'><b>NewAPITest</b><br>Test class: com.db.Regression.NewAPITest<br/>
<a href="#Output-1541697437" onClick='toggleBox("Output-1541697437", this, "Show output", "Hide output");'>Show output</a>

<a href="#Output-1541697437" onClick="toggleAllBoxes();">Show all outputs</a>
<div class='log' id="Output-1541697437">
Finding element using: id:btnCreateTest<br/>
Finding element, try0 with locator:id:btnCreateTest<br/>
Finding element using: id:Create_a_basic_request<br/>
Finding element, try0 with locator:id:Create_a_basic_request<br/>
Finding element using: id:urlText<br/>
Finding element, try0 with locator:id:urlText<br/>
Finding element using: id:save-api<br/>
Finding element, try0 with locator:id:save-api<br/>
Finding element using: id:apiName<br/>
Finding element, try0 with locator:id:apiName<br/>
Finding element using: id:TestsMenu<br/>
Finding element, try0 with locator:id:TestsMenu<br/>
Finding element using: id:txtSearch<br/>
Finding element, try0 with locator:id:txtSearch<br/>
Finding element using: xpath://i[@class='http-method-tag' and text()='GET']<br/>
Finding element, try0 with locator:xpath://i[@class='http-method-tag' and text()='GET']<br/>
Finding element using: id:run-api<br/>
Finding element, try0 with locator:id:run-api<br/>
Finding element using: xpath://a[text()='Home']<br/>
Finding element, try0 with locator:xpath://a[text()='Home']<br/>
Finding element using: xpath://span[@title='200']<br/>
Finding element, try0 with locator:xpath://span[@title='200']<br/>
Finding element using: xpath//a[@title=' ']<br/>
Finding element using: xpath//a[@title=' ']<br/>
Finding element using: xpath//a[@title=' ']<br/>
Finding element using: xpath//a[@title=' ']<br/>
Finding element using: xpath//a[@title=' ']<br/>
</div>
</td>
<td><div><pre>java.lang.Exception: Failed to click element, Locator: xpath//a[@title=&apos; &apos;]
	at com.ttaf.Library.AppLibrary.clickElement(AppLibrary.java:424)
	at com.ttaf.PageObject.NewAPIPage.DeleteApi(NewAPIPage.java:155)
	at com.db.Regression.NewAPITest.NewAPITest(NewAPITest.java:28)
	at sun.reflect.NativeMethodAccessorImpl.invoke0(Native Method)
	at sun.reflect.NativeMethodAccessorImpl.invoke(NativeMethodAccessorImpl.java:62)
	at sun.reflect.DelegatingMethodAccessorImpl.invoke(DelegatingMethodAccessorImpl.java:43)
	at java.lang.reflect.Method.invoke(Method.java:498)
	at org.testng.internal.MethodInvocationHelper.invokeMethod(MethodInvocationHelper.java:124)
	at org.testng.internal.Invoker.invokeMethod(Invoker.java:571)
	at org.testng.internal.Invoker.invokeTestMethod(Invoker.java:707)
	at org.testng.internal.Invoker.invokeTestMethods(Invoker.java:979)
	at org.testng.internal.TestMethodWorker.invokeTestMethods(TestMethodWorker.java:125)
	at org.testng.internal.TestMethodWorker.run(TestMethodWorker.java:109)
	at org.testng.TestRunner.privateRun(TestRunner.java:648)
	at org.testng.TestRunner.run(TestRunner.java:505)
	at org.testng.SuiteRunner.runTest(SuiteRunner.java:455)
	at org.testng.SuiteRunner.runSequentially(SuiteRunner.java:450)
	at org.testng.SuiteRunner.privateRun(SuiteRunner.java:415)
	at org.testng.SuiteRunner.run(SuiteRunner.java:364)
	at org.testng.SuiteRunnerWorker.runSuite(SuiteRunnerWorker.java:52)
	at org.testng.SuiteRunnerWorker.run(SuiteRunnerWorker.java:84)
	at org.testng.TestNG.runSuitesSequentially(TestNG.java:1187)
	at org.testng.TestNG.runSuitesLocally(TestNG.java:1116)
	at org.testng.TestNG.runSuites(TestNG.java:1028)
	at org.testng.TestNG.run(TestNG.java:996)
	at org.testng.remote.AbstractRemoteTestNG.run(AbstractRemoteTestNG.java:115)
	at org.testng.remote.RemoteTestNG.initAndRun(RemoteTestNG.java:251)
	at org.testng.remote.RemoteTestNG.main(RemoteTestNG.java:77)
</pre></div><a href='#' onClick='toggleBox("stack-trace1541697437", this, "Click to show all stack frames", "Click to hide stack frames")'>Click to show all stack frames</a>
<div class='stack-trace' id='stack-trace1541697437'><pre>java.lang.Exception: Failed to click element, Locator: xpath//a[@title=&apos; &apos;]
	at com.ttaf.Library.AppLibrary.clickElement(AppLibrary.java:424)
	at com.ttaf.PageObject.NewAPIPage.DeleteApi(NewAPIPage.java:155)
	at com.db.Regression.NewAPITest.NewAPITest(NewAPITest.java:28)
	at sun.reflect.NativeMethodAccessorImpl.invoke0(Native Method)
	at sun.reflect.NativeMethodAccessorImpl.invoke(NativeMethodAccessorImpl.java:62)
	at sun.reflect.DelegatingMethodAccessorImpl.invoke(DelegatingMethodAccessorImpl.java:43)
	at java.lang.reflect.Method.invoke(Method.java:498)
	at org.testng.internal.MethodInvocationHelper.invokeMethod(MethodInvocationHelper.java:124)
	at org.testng.internal.Invoker.invokeMethod(Invoker.java:571)
	at org.testng.internal.Invoker.invokeTestMethod(Invoker.java:707)
	at org.testng.internal.Invoker.invokeTestMethods(Invoker.java:979)
	at org.testng.internal.TestMethodWorker.invokeTestMethods(TestMethodWorker.java:125)
	at org.testng.internal.TestMethodWorker.run(TestMethodWorker.java:109)
	at org.testng.TestRunner.privateRun(TestRunner.java:648)
	at org.testng.TestRunner.run(TestRunner.java:505)
	at org.testng.SuiteRunner.runTest(SuiteRunner.java:455)
	at org.testng.SuiteRunner.runSequentially(SuiteRunner.java:450)
	at org.testng.SuiteRunner.privateRun(SuiteRunner.java:415)
	at org.testng.SuiteRunner.run(SuiteRunner.java:364)
	at org.testng.SuiteRunnerWorker.runSuite(SuiteRunnerWorker.java:52)
	at org.testng.SuiteRunnerWorker.run(SuiteRunnerWorker.java:84)
	at org.testng.TestNG.runSuitesSequentially(TestNG.java:1187)
	at org.testng.TestNG.runSuitesLocally(TestNG.java:1116)
	at org.testng.TestNG.runSuites(TestNG.java:1028)
	at org.testng.TestNG.run(TestNG.java:996)
	at org.testng.remote.AbstractRemoteTestNG.run(AbstractRemoteTestNG.java:115)
	at org.testng.remote.RemoteTestNG.initAndRun(RemoteTestNG.java:251)
	at org.testng.remote.RemoteTestNG.main(RemoteTestNG.java:77)
</pre></div></td>
<td>33</td>
<td>com.db.Regression.NewAPITest@3b94d659</td></tr>
</table><p>
</body>
</html>